Determining if the pthread_create exist failed with the following output:
Change Dir: /home/nvidia/robot_ws/build/CMakeFiles/CMakeTmp

Run Build Command:"/usr/bin/make" "cmTC_31e96/fast"
/usr/bin/make -f CMakeFiles/cmTC_31e96.dir/build.make CMakeFiles/cmTC_31e96.dir/build
make[1]: Entering directory '/home/nvidia/robot_ws/build/CMakeFiles/CMakeTmp'
Building C object CMakeFiles/cmTC_31e96.dir/CheckSymbolExists.c.o
/usr/bin/cc     -o CMakeFiles/cmTC_31e96.dir/CheckSymbolExists.c.o   -c /home/nvidia/robot_ws/build/CMakeFiles/CMakeTmp/CheckSymbolExists.c
Linking C executable cmTC_31e96
/usr/bin/cmake -E cmake_link_script CMakeFiles/cmTC_31e96.dir/link.txt --verbose=1
/usr/bin/cc       CMakeFiles/cmTC_31e96.dir/CheckSymbolExists.c.o  -o cmTC_31e96 -rdynamic 
CMakeFiles/cmTC_31e96.dir/CheckSymbolExists.c.o: In function `main':
CheckSymbolExists.c:(.text+0x14): undefined reference to `pthread_create'
CheckSymbolExists.c:(.text+0x18): undefined reference to `pthread_create'
collect2: error: ld returned 1 exit status
CMakeFiles/cmTC_31e96.dir/build.make:97: recipe for target 'cmTC_31e96' failed
make[1]: *** [cmTC_31e96] Error 1
make[1]: Leaving directory '/home/nvidia/robot_ws/build/CMakeFiles/CMakeTmp'
Makefile:126: recipe for target 'cmTC_31e96/fast' failed
make: *** [cmTC_31e96/fast] Error 2

File /home/nvidia/robot_ws/build/CMakeFiles/CMakeTmp/CheckSymbolExists.c:
/* */
#include <pthread.h>

int main(int argc, char** argv)
{
  (void)argv;
#ifndef pthread_create
  return ((int*)(&pthread_create))[argc];
#else
  (void)argc;
  return 0;
#endif
}

Determining if the function pthread_create exists in the pthreads failed with the following output:
Change Dir: /home/nvidia/robot_ws/build/CMakeFiles/CMakeTmp

Run Build Command:"/usr/bin/make" "cmTC_6ab10/fast"
/usr/bin/make -f CMakeFiles/cmTC_6ab10.dir/build.make CMakeFiles/cmTC_6ab10.dir/build
make[1]: Entering directory '/home/nvidia/robot_ws/build/CMakeFiles/CMakeTmp'
Building C object CMakeFiles/cmTC_6ab10.dir/CheckFunctionExists.c.o
/usr/bin/cc    -DCHECK_FUNCTION_EXISTS=pthread_create   -o CMakeFiles/cmTC_6ab10.dir/CheckFunctionExists.c.o   -c /usr/share/cmake-3.5/Modules/CheckFunctionExists.c
Linking C executable cmTC_6ab10
/usr/bin/cmake -E cmake_link_script CMakeFiles/cmTC_6ab10.dir/link.txt --verbose=1
/usr/bin/cc   -DCHECK_FUNCTION_EXISTS=pthread_create    CMakeFiles/cmTC_6ab10.dir/CheckFunctionExists.c.o  -o cmTC_6ab10 -rdynamic -lpthreads 
/usr/bin/ld: cannot find -lpthreads
collect2: error: ld returned 1 exit status
CMakeFiles/cmTC_6ab10.dir/build.make:97: recipe for target 'cmTC_6ab10' failed
make[1]: *** [cmTC_6ab10] Error 1
make[1]: Leaving directory '/home/nvidia/robot_ws/build/CMakeFiles/CMakeTmp'
Makefile:126: recipe for target 'cmTC_6ab10/fast' failed
make: *** [cmTC_6ab10/fast] Error 2


